Build started 1/27/2015 4:32:40 AM.
     1>Project "C:\Users\Patrick\Documents\GitHub\CSCE463-hw1\hw1\hw1\hw1.vcxproj" on node 2 (Build target(s)).
     1>ClCompile:
         C:\Program Files\Microsoft Visual Studio 12.0\VC\bin\CL.exe /c /ZI /nologo /W3 /WX- /Od /Oy- /D WIN32 /D _DEBUG /D _CONSOLE /D _LIB /D _MBCS /Gm /EHsc /RTC1 /MDd /GS /fp:precise /Zc:wchar_t /Zc:forScope /Fo"Debug\\" /Fd"Debug\vc120.pdb" /Gd /TP /analyze- /errorReport:prompt WebSocket.cpp
         WebSocket.cpp
     1>c:\users\patrick\documents\github\csce463-hw1\hw1\hw1\websocket.cpp(48): error C2065: 'str' : undeclared identifier
     1>c:\users\patrick\documents\github\csce463-hw1\hw1\hw1\websocket.cpp(52): error C2065: 'str' : undeclared identifier
     1>c:\users\patrick\documents\github\csce463-hw1\hw1\hw1\websocket.cpp(77): error C2065: 'str' : undeclared identifier
     1>c:\users\patrick\documents\github\csce463-hw1\hw1\hw1\websocket.cpp(90): warning C4305: 'return' : truncation from 'int' to 'bool'
     1>Done Building Project "C:\Users\Patrick\Documents\GitHub\CSCE463-hw1\hw1\hw1\hw1.vcxproj" (Build target(s)) -- FAILED.

Build FAILED.

Time Elapsed 00:00:01.63
